<?xml version="1.0" encoding="UTF-8"?>
<testng-results skipped="0" failed="0" ignored="0" total="2" passed="2">
  <reporter-output>
  </reporter-output>
  <suite name="OpencartSuite" duration-ms="12447" started-at="2023-02-01T13:48:08 CST" finished-at="2023-02-01T13:48:21 CST">
    <groups>
      <group name="Master">
        <method signature="TC_001_AccountRegistrationTest.test_account_Registration()[pri:0, instance:testCases.TC_001_AccountRegistrationTest@4cf4d528]" name="test_account_Registration" class="testCases.TC_001_AccountRegistrationTest"/>
        <method signature="TC_002_LoginTest.test_Login()[pri:0, instance:testCases.TC_002_LoginTest@df27fae]" name="test_Login" class="testCases.TC_002_LoginTest"/>
      </group> <!-- Master -->
      <group name="Sanity">
        <method signature="TC_002_LoginTest.test_Login()[pri:0, instance:testCases.TC_002_LoginTest@df27fae]" name="test_Login" class="testCases.TC_002_LoginTest"/>
      </group> <!-- Sanity -->
      <group name="Regression">
        <method signature="TC_001_AccountRegistrationTest.test_account_Registration()[pri:0, instance:testCases.TC_001_AccountRegistrationTest@4cf4d528]" name="test_account_Registration" class="testCases.TC_001_AccountRegistrationTest"/>
      </group> <!-- Regression -->
    </groups>
    <test name="OpencartTest" duration-ms="12447" started-at="2023-02-01T13:48:08 CST" finished-at="2023-02-01T13:48:21 CST">
      <class name="testCases.TC_001_AccountRegistrationTest">
        <test-method status="PASS" signature="setup(java.lang.String)[pri:0, instance:testCases.TC_001_AccountRegistrationTest@4cf4d528]" name="setup" is-config="true" duration-ms="4193" started-at="2023-02-01T13:48:08 CST" finished-at="2023-02-01T13:48:13 CST">
          <params>
            <param index="0">
              <value>
                <![CDATA[chrome]]>
              </value>
            </param>
          </params>
          <reporter-output>
          </reporter-output>
        </test-method> <!-- setup -->
        <test-method status="PASS" signature="test_account_Registration()[pri:0, instance:testCases.TC_001_AccountRegistrationTest@4cf4d528]" name="test_account_Registration" duration-ms="3505" started-at="2023-02-01T13:48:13 CST" finished-at="2023-02-01T13:48:16 CST">
          <reporter-output>
          </reporter-output>
        </test-method> <!-- test_account_Registration -->
        <test-method status="PASS" signature="tearDown()[pri:0, instance:testCases.TC_001_AccountRegistrationTest@4cf4d528]" name="tearDown" is-config="true" duration-ms="782" started-at="2023-02-01T13:48:16 CST" finished-at="2023-02-01T13:48:17 CST">
          <reporter-output>
          </reporter-output>
        </test-method> <!-- tearDown -->
      </class> <!-- testCases.TC_001_AccountRegistrationTest -->
      <class name="testCases.TC_002_LoginTest">
        <test-method status="PASS" signature="setup(java.lang.String)[pri:0, instance:testCases.TC_002_LoginTest@df27fae]" name="setup" is-config="true" duration-ms="1873" started-at="2023-02-01T13:48:17 CST" finished-at="2023-02-01T13:48:19 CST">
          <params>
            <param index="0">
              <value>
                <![CDATA[chrome]]>
              </value>
            </param>
          </params>
          <reporter-output>
          </reporter-output>
        </test-method> <!-- setup -->
        <test-method status="PASS" signature="test_Login()[pri:0, instance:testCases.TC_002_LoginTest@df27fae]" name="test_Login" duration-ms="943" started-at="2023-02-01T13:48:19 CST" finished-at="2023-02-01T13:48:20 CST">
          <reporter-output>
          </reporter-output>
        </test-method> <!-- test_Login -->
        <test-method status="PASS" signature="tearDown()[pri:0, instance:testCases.TC_002_LoginTest@df27fae]" name="tearDown" is-config="true" duration-ms="794" started-at="2023-02-01T13:48:20 CST" finished-at="2023-02-01T13:48:21 CST">
          <reporter-output>
          </reporter-output>
        </test-method> <!-- tearDown -->
      </class> <!-- testCases.TC_002_LoginTest -->
    </test> <!-- OpencartTest -->
  </suite> <!-- OpencartSuite -->
</testng-results>
